<?xml version="1.0" encoding="UTF-8"?>
<!-- Generated by org.testng.reporters.JUnitReportReporter -->
<testsuite hostname="LAPTOP-6QT9T5R4" name="TestCases.Testcases" tests="1" failures="0" timestamp="6 Jul 2021 18:53:40 GMT" time="1.480" errors="0">
  <testcase name="Test1" time="1.480" classname="TestCases.Testcases"/>
</testsuite> <!-- TestCases.Testcases -->
