<?xml version="1.0" encoding="UTF-8"?>
<!-- Generated by org.testng.reporters.JUnitReportReporter -->
<testsuite hostname="LAPTOP-6QT9T5R4" name="TestCases.VerifythehercircleLogin" tests="5" failures="0" timestamp="9 Jul 2021 22:44:12 GMT" time="301.527" errors="0">
  <testcase name="hercirclelogin2" time="64.396" classname="TestCases.VerifythehercircleLogin"/>
  <testcase name="hercirclelogin1" time="55.713" classname="TestCases.VerifythehercircleLogin"/>
  <testcase name="hercirclelogin3" time="62.853" classname="TestCases.VerifythehercircleLogin"/>
  <testcase name="hercirclelogin4" time="52.184" classname="TestCases.VerifythehercircleLogin"/>
  <testcase name="hercirclelogin" time="66.381" classname="TestCases.VerifythehercircleLogin"/>
</testsuite> <!-- TestCases.VerifythehercircleLogin -->
