<?xml version="1.0" encoding="UTF-8"?>
<!-- Generated by org.testng.reporters.JUnitReportReporter -->
<testsuite hostname="SY-LP-GGN-312" name="TestCases.TestRuner" tests="1" failures="0" timestamp="21 Apr 2021 12:58:51 GMT" time="132.635" errors="0">
  <testcase name="main" time="132.635" classname="TestCases.TestRuner"/>
</testsuite> <!-- TestCases.TestRuner -->
